Copyright 1986-2020 Xilinx, Inc. All Rights Reserved.
-------------------------------------------------------------------------------------------------------------------------------
| Tool Version : Vivado v.2020.1 (lin64) Build 2902540 Wed May 27 19:54:35 MDT 2020
| Date         : Thu Jun  9 13:35:56 2022
| Host         : tuna running 64-bit Ubuntu 20.04.3 LTS
| Command      : report_utilization -file SCD_Inter_wrapper_utilization_placed.rpt -pb SCD_Inter_wrapper_utilization_placed.pb
| Design       : SCD_Inter_wrapper
| Device       : xczu28drffvg1517-2
| Design State : Fully Placed
-------------------------------------------------------------------------------------------------------------------------------

Utilization Design Information

Table of Contents
-----------------
1. CLB Logic
1.1 Summary of Registers by Type
2. CLB Logic Distribution
3. BLOCKRAM
4. ARITHMETIC
5. I/O
6. CLOCK
7. ADVANCED
8. CONFIGURATION
9. Primitives
10. Black Boxes
11. Instantiated Netlists

1. CLB Logic
------------

+----------------------------+--------+-------+-----------+-------+
|          Site Type         |  Used  | Fixed | Available | Util% |
+----------------------------+--------+-------+-----------+-------+
| CLB LUTs                   | 102964 |     0 |    425280 | 24.21 |
|   LUT as Logic             |  93832 |     0 |    425280 | 22.06 |
|   LUT as Memory            |   9132 |     0 |    213600 |  4.28 |
|     LUT as Distributed RAM |   1450 |     0 |           |       |
|     LUT as Shift Register  |   7682 |     0 |           |       |
| CLB Registers              | 112844 |     0 |    850560 | 13.27 |
|   Register as Flip Flop    | 112844 |     0 |    850560 | 13.27 |
|   Register as Latch        |      0 |     0 |    850560 |  0.00 |
| CARRY8                     |   8905 |     0 |     53160 | 16.75 |
| F7 Muxes                   |    195 |     0 |    212640 |  0.09 |
| F8 Muxes                   |     61 |     0 |    106320 |  0.06 |
| F9 Muxes                   |      0 |     0 |     53160 |  0.00 |
+----------------------------+--------+-------+-----------+-------+


1.1 Summary of Registers by Type
--------------------------------

+--------+--------------+-------------+--------------+
|  Total | Clock Enable | Synchronous | Asynchronous |
+--------+--------------+-------------+--------------+
| 0      |            _ |           - |            - |
| 0      |            _ |           - |          Set |
| 0      |            _ |           - |        Reset |
| 0      |            _ |         Set |            - |
| 0      |            _ |       Reset |            - |
| 0      |          Yes |           - |            - |
| 66     |          Yes |           - |          Set |
| 138    |          Yes |           - |        Reset |
| 10932  |          Yes |         Set |            - |
| 101708 |          Yes |       Reset |            - |
+--------+--------------+-------------+--------------+


2. CLB Logic Distribution
-------------------------

+--------------------------------------------+--------+-------+-----------+-------+
|                  Site Type                 |  Used  | Fixed | Available | Util% |
+--------------------------------------------+--------+-------+-----------+-------+
| CLB                                        |  21493 |     0 |     53160 | 40.43 |
|   CLBL                                     |  10704 |     0 |           |       |
|   CLBM                                     |  10789 |     0 |           |       |
| LUT as Logic                               |  93832 |     0 |    425280 | 22.06 |
|   using O5 output only                     |   1763 |       |           |       |
|   using O6 output only                     |  64858 |       |           |       |
|   using O5 and O6                          |  27211 |       |           |       |
| LUT as Memory                              |   9132 |     0 |    213600 |  4.28 |
|   LUT as Distributed RAM                   |   1450 |     0 |           |       |
|     using O5 output only                   |      0 |       |           |       |
|     using O6 output only                   |    210 |       |           |       |
|     using O5 and O6                        |   1240 |       |           |       |
|   LUT as Shift Register                    |   7682 |     0 |           |       |
|     using O5 output only                   |      0 |       |           |       |
|     using O6 output only                   |   3517 |       |           |       |
|     using O5 and O6                        |   4165 |       |           |       |
| CLB Registers                              | 112844 |     0 |    850560 | 13.27 |
|   Register driven from within the CLB      |  67174 |       |           |       |
|   Register driven from outside the CLB     |  45670 |       |           |       |
|     LUT in front of the register is unused |  33303 |       |           |       |
|     LUT in front of the register is used   |  12367 |       |           |       |
| Unique Control Sets                        |   2358 |       |    106320 |  2.22 |
+--------------------------------------------+--------+-------+-----------+-------+
* * Note: Available Control Sets calculated as Slices * 2, Review the Control Sets Report for more information regarding control sets.


3. BLOCKRAM
-----------

+-------------------+------+-------+-----------+-------+
|     Site Type     | Used | Fixed | Available | Util% |
+-------------------+------+-------+-----------+-------+
| Block RAM Tile    |  257 |     0 |      1080 | 23.80 |
|   RAMB36/FIFO*    |  165 |     0 |      1080 | 15.28 |
|     RAMB36E2 only |  165 |       |           |       |
|   RAMB18          |  184 |     0 |      2160 |  8.52 |
|     RAMB18E2 only |  184 |       |           |       |
| URAM              |    0 |     0 |        80 |  0.00 |
+-------------------+------+-------+-----------+-------+
* Note: Each Block RAM Tile only has one FIFO logic available and therefore can accommodate only one FIFO36E2 or one FIFO18E2. However, if a FIFO18E2 occupies a Block RAM Tile, that tile can still accommodate a RAMB18E2


4. ARITHMETIC
-------------

+----------------+------+-------+-----------+-------+
|    Site Type   | Used | Fixed | Available | Util% |
+----------------+------+-------+-----------+-------+
| DSPs           | 1304 |     0 |      4272 | 30.52 |
|   DSP48E2 only | 1304 |       |           |       |
+----------------+------+-------+-----------+-------+


5. I/O
------

+------------------+------+-------+-----------+-------+
|     Site Type    | Used | Fixed | Available | Util% |
+------------------+------+-------+-----------+-------+
| Bonded IOB       |    0 |     0 |       347 |  0.00 |
| HPIOB_M          |    0 |     0 |       138 |  0.00 |
| HPIOB_S          |    0 |     0 |       138 |  0.00 |
| HDIOB_M          |    0 |     0 |        24 |  0.00 |
| HDIOB_S          |    0 |     0 |        24 |  0.00 |
| HPIOB_SNGL       |    0 |     0 |        23 |  0.00 |
| HPIOBDIFFINBUF   |    0 |     0 |       192 |  0.00 |
| HPIOBDIFFOUTBUF  |    0 |     0 |       192 |  0.00 |
| HDIOBDIFFINBUF   |    0 |     0 |        72 |  0.00 |
| BITSLICE_CONTROL |    0 |     0 |        64 |  0.00 |
| BITSLICE_RX_TX   |    0 |     0 |       416 |  0.00 |
| BITSLICE_TX      |    0 |     0 |        64 |  0.00 |
| RIU_OR           |    0 |     0 |        32 |  0.00 |
| HS_ADC           |    0 |     0 |         4 |  0.00 |
| HS_DAC           |    0 |     0 |         4 |  0.00 |
+------------------+------+-------+-----------+-------+


6. CLOCK
--------

+----------------------+------+-------+-----------+-------+
|       Site Type      | Used | Fixed | Available | Util% |
+----------------------+------+-------+-----------+-------+
| GLOBAL CLOCK BUFFERs |    6 |     0 |       696 |  0.86 |
|   BUFGCE             |    5 |     0 |       216 |  2.31 |
|   BUFGCE_DIV         |    0 |     0 |        32 |  0.00 |
|   BUFG_GT            |    0 |     0 |       312 |  0.00 |
|   BUFG_PS            |    1 |     0 |        72 |  1.39 |
|   BUFGCTRL*          |    0 |     0 |        64 |  0.00 |
| PLL                  |    0 |     0 |        16 |  0.00 |
| MMCM                 |    0 |     0 |         8 |  0.00 |
+----------------------+------+-------+-----------+-------+
* Note: Each used BUFGCTRL counts as two GLOBAL CLOCK BUFFERs. This table does not include global clocking resources, only buffer cell usage. See the Clock Utilization Report (report_clock_utilization) for detailed accounting of global clocking resource availability.


7. ADVANCED
-----------

+-----------------+------+-------+-----------+--------+
|    Site Type    | Used | Fixed | Available |  Util% |
+-----------------+------+-------+-----------+--------+
| CMACE4          |    0 |     0 |         2 |   0.00 |
| FE              |    0 |     0 |         8 |   0.00 |
| GTYE4_CHANNEL   |    0 |     0 |        16 |   0.00 |
| GTYE4_COMMON    |    0 |     0 |         4 |   0.00 |
| HSADC           |    0 |     0 |         4 |   0.00 |
| HSDAC           |    0 |     0 |         4 |   0.00 |
| ILKNE4          |    0 |     0 |         1 |   0.00 |
| OBUFDS_GTE4     |    0 |     0 |         8 |   0.00 |
| OBUFDS_GTE4_ADV |    0 |     0 |         8 |   0.00 |
| PCIE40E4        |    0 |     0 |         2 |   0.00 |
| PS8             |    1 |     0 |         1 | 100.00 |
| SYSMONE4        |    0 |     0 |         1 |   0.00 |
+-----------------+------+-------+-----------+--------+


8. CONFIGURATION
----------------

+-------------+------+-------+-----------+-------+
|  Site Type  | Used | Fixed | Available | Util% |
+-------------+------+-------+-----------+-------+
| BSCANE2     |    0 |     0 |         4 |  0.00 |
| DNA_PORTE2  |    0 |     0 |         1 |  0.00 |
| EFUSE_USR   |    0 |     0 |         1 |  0.00 |
| FRAME_ECCE4 |    0 |     0 |         1 |  0.00 |
| ICAPE3      |    0 |     0 |         2 |  0.00 |
| MASTER_JTAG |    0 |     0 |         1 |  0.00 |
| STARTUPE3   |    0 |     0 |         1 |  0.00 |
+-------------+------+-------+-----------+-------+


9. Primitives
-------------

+----------+--------+---------------------+
| Ref Name |  Used  | Functional Category |
+----------+--------+---------------------+
| FDRE     | 101708 |            Register |
| LUT3     |  31094 |                 CLB |
| LUT2     |  28813 |                 CLB |
| LUT4     |  21484 |                 CLB |
| LUT6     |  21067 |                 CLB |
| LUT5     |  11764 |                 CLB |
| SRL16E   |  11048 |                 CLB |
| FDSE     |  10932 |            Register |
| CARRY8   |   8905 |                 CLB |
| LUT1     |   6821 |                 CLB |
| RAMD32   |   2176 |                 CLB |
| DSP48E2  |   1304 |          Arithmetic |
| SRLC32E  |    799 |                 CLB |
| RAMS32   |    310 |                 CLB |
| RAMS64E  |    204 |                 CLB |
| MUXF7    |    195 |                 CLB |
| RAMB18E2 |    184 |           Block Ram |
| RAMB36E2 |    165 |           Block Ram |
| FDCE     |    138 |            Register |
| FDPE     |     66 |            Register |
| MUXF8    |     61 |                 CLB |
| BUFGCE   |      5 |               Clock |
| PS8      |      1 |            Advanced |
| BUFG_PS  |      1 |               Clock |
+----------+--------+---------------------+


10. Black Boxes
---------------

+----------+------+
| Ref Name | Used |
+----------+------+


11. Instantiated Netlists
-------------------------

+-------------------------------+------+
|            Ref Name           | Used |
+-------------------------------+------+
| SCD_Inter_zynq_ultra_ps_e_0_0 |    1 |
| SCD_Inter_xbar_0              |    1 |
| SCD_Inter_rst_ps8_0_99M_0     |    1 |
| SCD_Inter_model_SCD_0_0       |    1 |
| SCD_Inter_axi_smc_0           |    1 |
| SCD_Inter_axi_dma_4_0         |    1 |
| SCD_Inter_axi_dma_3_0         |    1 |
| SCD_Inter_axi_dma_2_0         |    1 |
| SCD_Inter_axi_dma_1_0         |    1 |
| SCD_Inter_axi_dma_0_0         |    1 |
| SCD_Inter_auto_pc_1           |    1 |
| SCD_Inter_auto_pc_0           |    1 |
| SCD_Inter_auto_ds_1           |    1 |
| SCD_Inter_auto_ds_0           |    1 |
| SCD_Inter_Multi2One_0_0       |    1 |
| SCD_Inter_Multi2Multi_0_0     |    1 |
+-------------------------------+------+


