Copyright 1986-2020 Xilinx, Inc. All Rights Reserved.
-------------------------------------------------------------------------------------------------------------------------------------------------------------------------
| Tool Version     : Vivado v.2020.1 (lin64) Build 2902540 Wed May 27 19:54:35 MDT 2020
| Date             : Sat Aug 20 03:32:57 2022
| Host             : tuna running 64-bit Ubuntu 20.04.3 LTS
| Command          : report_power -file SCD_Inter_wrapper_power_routed.rpt -pb SCD_Inter_wrapper_power_summary_routed.pb -rpx SCD_Inter_wrapper_power_routed.rpx
| Design           : SCD_Inter_wrapper
| Device           : xczu28dr-ffvg1517-2-e
| Design State     : routed
| Grade            : extended
| Process          : typical
| Characterization : Production
-------------------------------------------------------------------------------------------------------------------------------------------------------------------------

Power Report

Table of Contents
-----------------
1. Summary
1.1 On-Chip Components
1.2 Power Supply Summary
1.3 Confidence Level
2. Settings
2.1 Environment
2.2 Clock Constraints
3. Detailed Reports
3.1 By Hierarchy

1. Summary
----------

+--------------------------+--------------+
| Total On-Chip Power (W)  | 7.729        |
| Design Power Budget (W)  | Unspecified* |
| Power Budget Margin (W)  | NA           |
| Dynamic (W)              | 6.492        |
| Device Static (W)        | 1.236        |
| Effective TJA (C/W)      | 0.8          |
| Max Ambient (C)          | 93.5         |
| Junction Temperature (C) | 31.5         |
| Confidence Level         | Medium       |
| Setting File             | ---          |
| Simulation Activity File | ---          |
| Design Nets Matched      | NA           |
+--------------------------+--------------+
* Specify Design Power Budget using, set_operating_conditions -design_power_budget <value in Watts>


1.1 On-Chip Components
----------------------

+--------------------------+-----------+----------+-----------+-----------------+
| On-Chip                  | Power (W) | Used     | Available | Utilization (%) |
+--------------------------+-----------+----------+-----------+-----------------+
| Clocks                   |     0.433 |        3 |       --- |             --- |
| CLB Logic                |     1.191 |   236862 |       --- |             --- |
|   LUT as Logic           |     0.912 |    91036 |    425280 |           21.41 |
|   CARRY8                 |     0.082 |     8227 |     53160 |           15.48 |
|   LUT as Distributed RAM |     0.069 |     1386 |    213600 |            0.65 |
|   LUT as Shift Register  |     0.067 |     5285 |    213600 |            2.47 |
|   Register               |     0.061 |    89485 |    850560 |           10.52 |
|   BUFG                   |    <0.001 |        7 |        64 |           10.94 |
|   Others                 |     0.000 |     7470 |       --- |             --- |
|   F7/F8 Muxes            |     0.000 |      231 |    425280 |            0.05 |
| Signals                  |     1.452 |   203503 |       --- |             --- |
| Block RAM                |     0.314 |      177 |      1080 |           16.39 |
| DSPs                     |     0.791 |     1048 |      4272 |           24.53 |
| PS8                      |     2.311 |        1 |       --- |             --- |
| Static Power             |     1.236 |          |           |                 |
|   PS Static              |     0.101 |          |           |                 |
|   PL Static              |     1.135 |          |           |                 |
| Total                    |     7.729 |          |           |                 |
+--------------------------+-----------+----------+-----------+-----------------+


1.2 Power Supply Summary
------------------------

+-----------------+-------------+-----------+-------------+------------+-------------+-------------+------------+
| Source          | Voltage (V) | Total (A) | Dynamic (A) | Static (A) | Powerup (A) | Budget (A)  | Margin (A) |
+-----------------+-------------+-----------+-------------+------------+-------------+-------------+------------+
| Vccint          |       0.850 |     5.227 |       4.880 |      0.346 |       NA    | Unspecified | NA         |
| Vccint_io       |       0.850 |     0.072 |       0.000 |      0.072 |       NA    | Unspecified | NA         |
| Vccbram         |       0.850 |     0.044 |       0.039 |      0.005 |       NA    | Unspecified | NA         |
| Vccaux          |       1.800 |     0.277 |       0.000 |      0.277 |       NA    | Unspecified | NA         |
| Vccaux_io       |       1.800 |     0.058 |       0.000 |      0.058 |       NA    | Unspecified | NA         |
| Vcco33          |       3.300 |     0.000 |       0.000 |      0.000 |       NA    | Unspecified | NA         |
| Vcco25          |       2.500 |     0.000 |       0.000 |      0.000 |       NA    | Unspecified | NA         |
| Vcco18          |       1.800 |     0.000 |       0.000 |      0.000 |       NA    | Unspecified | NA         |
| Vcco15          |       1.500 |     0.000 |       0.000 |      0.000 |       NA    | Unspecified | NA         |
| Vcco135         |       1.350 |     0.000 |       0.000 |      0.000 |       NA    | Unspecified | NA         |
| Vcco12          |       1.200 |     0.000 |       0.000 |      0.000 |       NA    | Unspecified | NA         |
| Vcco10          |       1.000 |     0.000 |       0.000 |      0.000 |       NA    | Unspecified | NA         |
| Vccadc          |       1.800 |     0.008 |       0.000 |      0.008 |       NA    | Unspecified | NA         |
| VCC_PSINTFP     |       0.850 |     0.640 |       0.604 |      0.037 |       NA    | Unspecified | NA         |
| VCC_PSINTLP     |       0.850 |     0.250 |       0.243 |      0.008 |       NA    | Unspecified | NA         |
| VPS_MGTRAVCC    |       0.850 |     0.139 |       0.138 |      0.001 |       NA    | Unspecified | NA         |
| VCC_PSINTFP_DDR |       0.850 |     0.730 |       0.726 |      0.005 |       NA    | Unspecified | NA         |
| VCC_PSPLL       |       1.200 |     0.073 |       0.071 |      0.002 |       NA    | Unspecified | NA         |
| VPS_MGTRAVTT    |       1.800 |     0.034 |       0.033 |      0.001 |       NA    | Unspecified | NA         |
| VCCO_PSDDR_504  |       1.200 |     0.626 |       0.592 |      0.034 |       NA    | Unspecified | NA         |
| VCC_PSAUX       |       1.800 |     0.002 |       0.000 |      0.002 |       NA    | Unspecified | NA         |
| VCC_PSBATT      |       1.200 |     0.000 |       0.000 |      0.000 |       NA    | Unspecified | NA         |
| VCC_PSDDR_PLL   |       1.800 |     0.001 |       0.000 |      0.001 |       NA    | Unspecified | NA         |
| VCCO_PSIO0_500  |       1.800 |     0.001 |       0.000 |      0.001 |       NA    | Unspecified | NA         |
| VCCO_PSIO1_501  |       1.800 |     0.001 |       0.000 |      0.001 |       NA    | Unspecified | NA         |
| VCCO_PSIO2_502  |       1.800 |     0.001 |       0.000 |      0.001 |       NA    | Unspecified | NA         |
| VCCO_PSIO3_503  |       3.300 |     0.001 |       0.000 |      0.001 |       NA    | Unspecified | NA         |
| VCC_PSADC       |       1.800 |     0.002 |       0.000 |      0.002 |       NA    | Unspecified | NA         |
| VCCINT_AMS      |       0.850 |     0.011 |       0.000 |      0.011 |       NA    | Unspecified | NA         |
| DACAVCC         |       0.925 |     0.008 |       0.000 |      0.008 |       NA    | Unspecified | NA         |
| DACAVCCAUX      |       1.800 |     0.000 |       0.000 |      0.000 |       NA    | Unspecified | NA         |
| DACAVTT         |       2.500 |     0.005 |       0.000 |      0.005 |       NA    | Unspecified | NA         |
| ADCAVCC         |       0.925 |     0.013 |       0.000 |      0.013 |       NA    | Unspecified | NA         |
| ADCAVCCAUX      |       1.800 |     0.048 |       0.000 |      0.048 |       NA    | Unspecified | NA         |
| VCCSDFEC        |       0.850 |     0.034 |       0.000 |      0.034 |       NA    | Unspecified | NA         |
| MGTYAVcc        |       0.900 |     0.000 |       0.000 |      0.000 |       NA    | Unspecified | NA         |
| MGTYAVtt        |       1.200 |     0.000 |       0.000 |      0.000 |       NA    | Unspecified | NA         |
| MGTYVccaux      |       1.800 |     0.000 |       0.000 |      0.000 |       NA    | Unspecified | NA         |
+-----------------+-------------+-----------+-------------+------------+-------------+-------------+------------+


1.3 Confidence Level
--------------------

+-----------------------------+------------+------------------------------------------------+------------------------------------------------------------------------------------------------------------+
| User Input Data             | Confidence | Details                                        | Action                                                                                                     |
+-----------------------------+------------+------------------------------------------------+------------------------------------------------------------------------------------------------------------+
| Design implementation state | High       | Design is routed                               |                                                                                                            |
| Clock nodes activity        | High       | User specified more than 95% of clocks         |                                                                                                            |
| I/O nodes activity          | High       | User specified more than 95% of inputs         |                                                                                                            |
| Internal nodes activity     | Medium     | User specified less than 25% of internal nodes | Provide missing internal nodes activity with simulation results or by editing the "By Resource Type" views |
| Device models               | High       | Device models are Production                   |                                                                                                            |
|                             |            |                                                |                                                                                                            |
| Overall confidence level    | Medium     |                                                |                                                                                                            |
+-----------------------------+------------+------------------------------------------------+------------------------------------------------------------------------------------------------------------+


2. Settings
-----------

2.1 Environment
---------------

+-----------------------+--------------------------+
| Ambient Temp (C)      | 25.0                     |
| ThetaJA (C/W)         | 0.8                      |
| Airflow (LFM)         | 250                      |
| Heat Sink             | medium (Medium Profile)  |
| ThetaSA (C/W)         | 1.2                      |
| Board Selection       | medium (10"x10")         |
| # of Board Layers     | 12to15 (12 to 15 Layers) |
| Board Temperature (C) | 25.0                     |
+-----------------------+--------------------------+


2.2 Clock Constraints
---------------------

+----------+---------------------------------------------------------+-----------------+
| Clock    | Domain                                                  | Constraint (ns) |
+----------+---------------------------------------------------------+-----------------+
| clk_pl_0 | SCD_Inter_i/zynq_ultra_ps_e_0/inst/pl_clk_unbuffered[0] |             5.0 |
+----------+---------------------------------------------------------+-----------------+


3. Detailed Reports
-------------------

3.1 By Hierarchy
----------------

+-----------------------+-----------+
| Name                  | Power (W) |
+-----------------------+-----------+
| SCD_Inter_wrapper     |     6.492 |
|   SCD_Inter_i         |     6.492 |
|     Multi2Multi_0     |     0.211 |
|       inst            |     0.211 |
|     Multi2One_0       |     0.031 |
|       inst            |     0.031 |
|     axi_dma_0         |     0.004 |
|       U0              |     0.004 |
|     axi_dma_1         |     0.004 |
|       U0              |     0.004 |
|     axi_dma_2         |     0.009 |
|       U0              |     0.009 |
|     axi_dma_3         |     0.009 |
|       U0              |     0.009 |
|     axi_dma_4         |     0.008 |
|       U0              |     0.008 |
|     axi_smc           |     0.148 |
|       inst            |     0.148 |
|     model_SCD_0       |     3.716 |
|       inst            |     3.716 |
|     ps8_0_axi_periph  |     0.030 |
|       s00_couplers    |     0.013 |
|       s01_couplers    |     0.013 |
|       xbar            |     0.004 |
|     zynq_ultra_ps_e_0 |     2.321 |
|       inst            |     2.321 |
+-----------------------+-----------+


